<?xml version="1.0" encoding="UTF-8"?>
<!-- Generated by org.testng.reporters.JUnitReportReporter -->
<testsuite hostname="ZSCHN01LP0032" failures="0" tests="6" name="runners.TestRunner" time="13.358" errors="0" timestamp="2024-02-19T15:05:58 IST" skipped="0">
  <testcase classname="runners.TestRunner" name="runScenario" time="1.482"/>
  <system-out/>
  <testcase classname="runners.TestRunner" name="runScenario" time="1.359"/>
  <system-out/>
  <testcase classname="runners.TestRunner" name="runScenario" time="0.951"/>
  <system-out/>
  <testcase classname="runners.TestRunner" name="runScenario" time="1.939"/>
  <system-out/>
  <testcase classname="runners.TestRunner" name="runScenario" time="1.506"/>
  <system-out/>
  <testcase classname="runners.TestRunner" name="runScenario" time="6.121"/>
  <system-out/>
</testsuite> <!-- runners.TestRunner -->
