<?xml version="1.0" encoding="UTF-8"?>
<!-- Generated by org.testng.reporters.JUnitReportReporter -->
<testsuite hostname="ZSCHN01LP0032" failures="0" tests="6" name="runners.TestRunner" time="29.762" errors="0" timestamp="2024-02-18T23:21:50 IST" skipped="0">
  <testcase classname="runners.TestRunner" name="runScenario" time="2.010"/>
  <system-out/>
  <testcase classname="runners.TestRunner" name="runScenario" time="4.908"/>
  <system-out/>
  <testcase classname="runners.TestRunner" name="runScenario" time="2.102"/>
  <system-out/>
  <testcase classname="runners.TestRunner" name="runScenario" time="4.929"/>
  <system-out/>
  <testcase classname="runners.TestRunner" name="runScenario" time="1.545"/>
  <system-out/>
  <testcase classname="runners.TestRunner" name="runScenario" time="14.268"/>
  <system-out/>
</testsuite> <!-- runners.TestRunner -->
