<?xml version="1.0" encoding="UTF-8"?>
<!-- Generated by org.testng.reporters.JUnitReportReporter -->
<testsuite hostname="ZSCHN01LP0032" failures="0" tests="6" name="runners.TestRunner" time="12.790" errors="0" timestamp="2024-02-19T10:05:03 IST" skipped="0">
  <testcase classname="runners.TestRunner" name="runScenario" time="1.918"/>
  <system-out/>
  <testcase classname="runners.TestRunner" name="runScenario" time="1.443"/>
  <system-out/>
  <testcase classname="runners.TestRunner" name="runScenario" time="1.222"/>
  <system-out/>
  <testcase classname="runners.TestRunner" name="runScenario" time="1.011"/>
  <system-out/>
  <testcase classname="runners.TestRunner" name="runScenario" time="1.322"/>
  <system-out/>
  <testcase classname="runners.TestRunner" name="runScenario" time="5.874"/>
  <system-out/>
</testsuite> <!-- runners.TestRunner -->
