<?xml version="1.0" encoding="UTF-8"?>
<!-- Generated by org.testng.reporters.JUnitReportReporter -->
<testsuite hostname="ZSCHN01LP0032" failures="0" tests="6" name="runners.TestRunner" time="13.206" errors="0" timestamp="2024-02-18T10:16:48 IST" skipped="0">
  <testcase classname="runners.TestRunner" name="runScenario" time="1.886"/>
  <system-out/>
  <testcase classname="runners.TestRunner" name="runScenario" time="1.617"/>
  <system-out/>
  <testcase classname="runners.TestRunner" name="runScenario" time="1.209"/>
  <system-out/>
  <testcase classname="runners.TestRunner" name="runScenario" time="0.912"/>
  <system-out/>
  <testcase classname="runners.TestRunner" name="runScenario" time="1.211"/>
  <system-out/>
  <testcase classname="runners.TestRunner" name="runScenario" time="6.371"/>
  <system-out/>
</testsuite> <!-- runners.TestRunner -->
